Removed Pin From Net: NetName=PD2 Pin=INT0-1
Removed Pin From Net: NetName=PD2 Pin=INT0-3
Removed Pin From Net: NetName=PD3 Pin=INT1-1
Removed Pin From Net: NetName=PD3 Pin=INT1-3
Change Net Name : Old Net Name=NetCOM1_2 New Net Name=NetIC4_14
Change Net Name : Old Net Name=NetCOM1_3 New Net Name=NetIC4_13
Change Net Name : Old Net Name=NetDS1_1 New Net Name=NetDS_1
Change Net Name : Old Net Name=NetDS1_2 New Net Name=NetDS_2
Change Net Name : Old Net Name=NetDS1_3 New Net Name=NetDS_3
Change Net Name : Old Net Name=NetDS1_4 New Net Name=NetDS_4
Change Net Name : Old Net Name=NetDS1_5 New Net Name=NetDS_5
Change Net Name : Old Net Name=NetDS1_6 New Net Name=NetDS_6
Change Net Name : Old Net Name=NetDS1_7 New Net Name=NetDS_7
Change Net Name : Old Net Name=NetDS1_8 New Net Name=NetDS_8
Change Net Name : Old Net Name=NetDS1_9 New Net Name=NetDS_9
Change Net Name : Old Net Name=NetDS1_10 New Net Name=NetDS_10
Change Net Name : Old Net Name=NetDS1_11 New Net Name=NetDS_11
Change Net Name : Old Net Name=NetDS1_12 New Net Name=NetDS_12
Change Net Color : Old Net Color=RGB(110, 110, 255) New Net Color=RGB(110, 110, 255)
Change Net Color : Old Net Color=RGB(255, 110, 110) New Net Color=RGB(255, 110, 110)
Added Pin To Net: NetName=INT0 Pin=INT0-1
Added Pin To Net: NetName=INT0 Pin=INT0-3
Added Net: Name=INT0
Added Pin To Net: NetName=INT1 Pin=INT1-1
Added Pin To Net: NetName=INT1 Pin=INT1-3
Added Net: Name=INT1
Added Room: Name=Schematic
