Removed Pin From Net: NetName=VCC Pin=Q1-1
Removed Pin From Net: NetName=VCC Pin=Q2-1
Removed Pin From Net: NetName=VCC Pin=Q3-1
Removed Pin From Net: NetName=VCC Pin=Q4-1
Removed Pin From Net: NetName=PB0 Pin=R5-1
Removed Pin From Net: NetName=PB1 Pin=R6-1
Removed Pin From Net: NetName=PB2 Pin=R7-1
Removed Pin From Net: NetName=PB3 Pin=R8-1
Removed Pin From Net: NetName=PB4 Pin=R9-1
Removed Pin From Net: NetName=MOSI Pin=R10-1
Removed Pin From Net: NetName=MISO Pin=R11-1
Removed Pin From Net: NetName=SCK Pin=R12-1
Removed Pin From Net: NetName=PD4 Pin=R13-2
Removed Pin From Net: NetName=PD5 Pin=R14-2
Removed Pin From Net: NetName=PD6 Pin=R15-2
Removed Pin From Net: NetName=PD7 Pin=R16-2
Removed Member From Class: ClassName=Schematic Member=DS
Removed Member From Class: ClassName=Schematic Member=Q1
Removed Member From Class: ClassName=Schematic Member=Q2
Removed Member From Class: ClassName=Schematic Member=Q3
Removed Member From Class: ClassName=Schematic Member=Q4
Removed Member From Class: ClassName=Schematic Member=R5
Removed Member From Class: ClassName=Schematic Member=R6
Removed Member From Class: ClassName=Schematic Member=R7
Removed Member From Class: ClassName=Schematic Member=R8
Removed Member From Class: ClassName=Schematic Member=R9
Removed Member From Class: ClassName=Schematic Member=R10
Removed Member From Class: ClassName=Schematic Member=R11
Removed Member From Class: ClassName=Schematic Member=R12
Removed Member From Class: ClassName=Schematic Member=R13
Removed Member From Class: ClassName=Schematic Member=R14
Removed Member From Class: ClassName=Schematic Member=R15
Removed Member From Class: ClassName=Schematic Member=R16
Change Component Comment : Designator=C2 Old Comment=104 New Comment=106
Change Component Comment : Designator=C3 Old Comment=106 New Comment=104
Change Net Color : Old Net Color=RGB(110, 110, 255) New Net Color=RGB(110, 110, 255)
Change Net Color : Old Net Color=RGB(255, 110, 110) New Net Color=RGB(255, 110, 110)
Added Room: Name=Schematic
